  t_Array.cpp
C:\Users\izzyg\Documents\AIFramework 2022\t_Array.cpp(4,17): error C2955: 't_Array': use of class template requires template argument list
C:\Users\izzyg\Documents\AIFramework 2022\t_Array.h(6): message : see declaration of 't_Array'
C:\Users\izzyg\Documents\AIFramework 2022\t_Array.cpp(4,10): error C2955: 't_Array': use of class template requires template argument list
C:\Users\izzyg\Documents\AIFramework 2022\t_Array.h(6): message : see declaration of 't_Array'
C:\Users\izzyg\Documents\AIFramework 2022\t_Array.cpp(5,1): error C2509: '{ctor}': member function not declared in 't_Array'
C:\Users\izzyg\Documents\AIFramework 2022\t_Array.h(6): message : see declaration of 't_Array'
  t_List.cpp
  WaypointManager.cpp
  Generating Code...
